2015-11-30 17:17:21.326 [main] INFO  o.s.t.c.support.DefaultTestContextBootstrapper - Loaded default TestExecutionListener class names from location [META-INF/spring.factories]: [org.springframework.test.context.web.ServletTestExecutionListener, org.springframework.test.context.support.DirtiesContextBeforeModesTestExecutionListener, org.springframework.test.context.support.DependencyInjectionTestExecutionListener, org.springframework.test.context.support.DirtiesContextTestExecutionListener, org.springframework.test.context.transaction.TransactionalTestExecutionListener, org.springframework.test.context.jdbc.SqlScriptsTestExecutionListener]
2015-11-30 17:17:21.368 [main] INFO  o.s.t.c.support.DefaultTestContextBootstrapper - Using TestExecutionListeners: [org.springframework.test.context.web.ServletTestExecutionListener@2db7a79b, org.springframework.test.context.support.DirtiesContextBeforeModesTestExecutionListener@6950e31, org.springframework.test.context.support.DependencyInjectionTestExecutionListener@b7dd107, org.springframework.test.context.support.DirtiesContextTestExecutionListener@42eca56e, org.springframework.test.context.transaction.TransactionalTestExecutionListener@52f759d7, org.springframework.test.context.jdbc.SqlScriptsTestExecutionListener@7cbd213e]
2015-11-30 17:17:21.550 [main] INFO  o.s.beans.factory.xml.XmlBeanDefinitionReader - Loading XML bean definitions from class path resource [META-INF/spring/applicationContext.xml]
2015-11-30 17:17:21.793 [main] INFO  o.s.beans.factory.xml.XmlBeanDefinitionReader - Loading XML bean definitions from class path resource [META-INF/spring/applicationContext-jpa.xml]
2015-11-30 17:17:22.112 [main] INFO  o.s.beans.factory.xml.XmlBeanDefinitionReader - Loading XML bean definitions from class path resource [META-INF/spring/applicationContext-mybatis.xml]
2015-11-30 17:17:22.159 [main] INFO  o.s.b.factory.support.DefaultListableBeanFactory - Overriding bean definition for bean 'transactionManager' with a different definition: replacing [Generic bean: class [org.springframework.orm.jpa.JpaTransactionManager]; scope=; abstract=false; lazyInit=false; autowireMode=0; dependencyCheck=0; autowireCandidate=true; primary=false; factoryBeanName=null; factoryMethodName=null; initMethodName=null; destroyMethodName=null; defined in class path resource [META-INF/spring/applicationContext-jpa.xml]] with [Generic bean: class [org.springframework.jdbc.datasource.DataSourceTransactionManager]; scope=; abstract=false; lazyInit=false; autowireMode=0; dependencyCheck=0; autowireCandidate=true; primary=false; factoryBeanName=null; factoryMethodName=null; initMethodName=null; destroyMethodName=null; defined in class path resource [META-INF/spring/applicationContext-mybatis.xml]]
2015-11-30 17:17:22.159 [main] INFO  o.s.beans.factory.xml.XmlBeanDefinitionReader - Loading XML bean definitions from class path resource [META-INF/spring/applicationContext-mongo.xml]
2015-11-30 17:17:22.382 [main] INFO  o.s.context.support.GenericApplicationContext - Refreshing org.springframework.context.support.GenericApplicationContext@4516af24: startup date [Mon Nov 30 17:17:22 CST 2015]; root of context hierarchy
2015-11-30 17:17:22.797 [main] INFO  o.s.c.support.PropertySourcesPlaceholderConfigurer - Loading properties file from file [/home/jay/git/neptune/target/classes/META-INF/database/mongo.properties]
2015-11-30 17:17:22.798 [main] INFO  o.s.c.support.PropertySourcesPlaceholderConfigurer - Loading properties file from file [/home/jay/git/neptune/target/classes/META-INF/database/jdbc.properties]
2015-11-30 17:17:23.223 [main] INFO  o.s.orm.jpa.LocalContainerEntityManagerFactoryBean - Building JPA container EntityManagerFactory for persistence unit 'myJPA'
2015-11-30 17:17:23.264 [main] INFO  org.hibernate.jpa.internal.util.LogHelper - HHH000204: Processing PersistenceUnitInfo [
	name: myJPA
	...]
2015-11-30 17:17:23.354 [main] INFO  org.hibernate.Version - HHH000412: Hibernate Core {5.0.1.Final}
2015-11-30 17:17:23.355 [main] INFO  org.hibernate.cfg.Environment - HHH000206: hibernate.properties not found
2015-11-30 17:17:23.358 [main] INFO  org.hibernate.cfg.Environment - HHH000021: Bytecode provider name : javassist
2015-11-30 17:17:23.406 [main] INFO  org.hibernate.annotations.common.Version - HCANN000001: Hibernate Commons Annotations {5.0.0.Final}
2015-11-30 17:17:24.024 [main] INFO  org.hibernate.dialect.Dialect - HHH000400: Using dialect: org.hibernate.dialect.MySQLDialect
2015-11-30 17:17:24.107 [main] INFO  o.h.engine.jdbc.env.internal.LobCreatorBuilderImpl - HHH000424: Disabling contextual LOB creation as createClob() method threw error : java.lang.reflect.InvocationTargetException
2015-11-30 17:17:25.838 [main] INFO  com.boot.service.impl.AccountServiceTest - add account
2015-11-30 17:17:26.101 [main] INFO  com.boot.service.impl.AccountServiceTest - ResultVo [code=0, info=]
2015-11-30 17:17:26.116 [Thread-6] INFO  o.s.context.support.GenericApplicationContext - Closing org.springframework.context.support.GenericApplicationContext@4516af24: startup date [Mon Nov 30 17:17:22 CST 2015]; root of context hierarchy
2015-11-30 17:17:26.128 [Thread-6] INFO  o.s.orm.jpa.LocalContainerEntityManagerFactoryBean - Closing JPA EntityManagerFactory for persistence unit 'myJPA'
2015-11-30 17:54:13.598 [main] INFO  o.s.t.c.support.DefaultTestContextBootstrapper - Loaded default TestExecutionListener class names from location [META-INF/spring.factories]: [org.springframework.test.context.web.ServletTestExecutionListener, org.springframework.test.context.support.DirtiesContextBeforeModesTestExecutionListener, org.springframework.test.context.support.DependencyInjectionTestExecutionListener, org.springframework.test.context.support.DirtiesContextTestExecutionListener, org.springframework.test.context.transaction.TransactionalTestExecutionListener, org.springframework.test.context.jdbc.SqlScriptsTestExecutionListener]
2015-11-30 17:54:13.618 [main] INFO  o.s.t.c.support.DefaultTestContextBootstrapper - Using TestExecutionListeners: [org.springframework.test.context.web.ServletTestExecutionListener@43738a82, org.springframework.test.context.support.DirtiesContextBeforeModesTestExecutionListener@c81cdd1, org.springframework.test.context.support.DependencyInjectionTestExecutionListener@1fc2b765, org.springframework.test.context.support.DirtiesContextTestExecutionListener@75881071, org.springframework.test.context.transaction.TransactionalTestExecutionListener@2a70a3d8, org.springframework.test.context.jdbc.SqlScriptsTestExecutionListener@289d1c02]
2015-11-30 17:54:13.733 [main] INFO  o.s.beans.factory.xml.XmlBeanDefinitionReader - Loading XML bean definitions from class path resource [META-INF/spring/applicationContext.xml]
2015-11-30 17:54:13.961 [main] INFO  o.s.beans.factory.xml.XmlBeanDefinitionReader - Loading XML bean definitions from class path resource [META-INF/spring/applicationContext-jpa.xml]
2015-11-30 17:54:14.367 [main] INFO  o.s.beans.factory.xml.XmlBeanDefinitionReader - Loading XML bean definitions from class path resource [META-INF/spring/applicationContext-mybatis.xml]
2015-11-30 17:54:14.443 [main] INFO  o.s.b.factory.support.DefaultListableBeanFactory - Overriding bean definition for bean 'transactionManager' with a different definition: replacing [Generic bean: class [org.springframework.orm.jpa.JpaTransactionManager]; scope=; abstract=false; lazyInit=false; autowireMode=0; dependencyCheck=0; autowireCandidate=true; primary=false; factoryBeanName=null; factoryMethodName=null; initMethodName=null; destroyMethodName=null; defined in class path resource [META-INF/spring/applicationContext-jpa.xml]] with [Generic bean: class [org.springframework.jdbc.datasource.DataSourceTransactionManager]; scope=; abstract=false; lazyInit=false; autowireMode=0; dependencyCheck=0; autowireCandidate=true; primary=false; factoryBeanName=null; factoryMethodName=null; initMethodName=null; destroyMethodName=null; defined in class path resource [META-INF/spring/applicationContext-mybatis.xml]]
2015-11-30 17:54:14.444 [main] INFO  o.s.beans.factory.xml.XmlBeanDefinitionReader - Loading XML bean definitions from class path resource [META-INF/spring/applicationContext-mongo.xml]
2015-11-30 17:54:14.645 [main] INFO  o.s.context.support.GenericApplicationContext - Refreshing org.springframework.context.support.GenericApplicationContext@15bfd87: startup date [Mon Nov 30 17:54:14 CST 2015]; root of context hierarchy
2015-11-30 17:54:14.838 [main] INFO  o.s.c.support.PropertySourcesPlaceholderConfigurer - Loading properties file from file [/home/jay/git/neptune/target/classes/META-INF/database/mongo.properties]
2015-11-30 17:54:14.838 [main] INFO  o.s.c.support.PropertySourcesPlaceholderConfigurer - Loading properties file from file [/home/jay/git/neptune/target/classes/META-INF/database/jdbc.properties]
2015-11-30 17:54:15.257 [main] INFO  o.s.orm.jpa.LocalContainerEntityManagerFactoryBean - Building JPA container EntityManagerFactory for persistence unit 'myJPA'
2015-11-30 17:54:15.282 [main] INFO  org.hibernate.jpa.internal.util.LogHelper - HHH000204: Processing PersistenceUnitInfo [
	name: myJPA
	...]
2015-11-30 17:54:15.364 [main] INFO  org.hibernate.Version - HHH000412: Hibernate Core {5.0.1.Final}
2015-11-30 17:54:15.366 [main] INFO  org.hibernate.cfg.Environment - HHH000206: hibernate.properties not found
2015-11-30 17:54:15.368 [main] INFO  org.hibernate.cfg.Environment - HHH000021: Bytecode provider name : javassist
2015-11-30 17:54:15.409 [main] INFO  org.hibernate.annotations.common.Version - HCANN000001: Hibernate Commons Annotations {5.0.0.Final}
2015-11-30 17:54:15.978 [main] INFO  org.hibernate.dialect.Dialect - HHH000400: Using dialect: org.hibernate.dialect.MySQLDialect
2015-11-30 17:54:16.052 [main] INFO  o.h.engine.jdbc.env.internal.LobCreatorBuilderImpl - HHH000424: Disabling contextual LOB creation as createClob() method threw error : java.lang.reflect.InvocationTargetException
2015-11-30 17:54:17.692 [main] INFO  o.s.test.context.transaction.TransactionContext - Began transaction (1) for test context [DefaultTestContext@34780cd9 testClass = FirendCircleTest, testInstance = com.boot.service.impl.FirendCircleTest@623ebac7, testMethod = testGetFriend@FirendCircleTest, testException = [null], mergedContextConfiguration = [MergedContextConfiguration@5460b754 testClass = FirendCircleTest, locations = '{classpath:META-INF/spring/applicationContext.xml, classpath:META-INF/spring/applicationContext-jpa.xml, classpath:META-INF/spring/applicationContext-mybatis.xml, classpath:META-INF/spring/applicationContext-mongo.xml}', classes = '{}', contextInitializerClasses = '[]', activeProfiles = '{}', propertySourceLocations = '{}', propertySourceProperties = '{}', contextLoader = 'org.springframework.test.context.support.DelegatingSmartContextLoader', parent = [null]]]; transaction manager [org.springframework.jdbc.datasource.DataSourceTransactionManager@7c8c70d6]; rollback [true]
2015-11-30 17:54:17.744 [main] INFO  o.s.test.context.transaction.TransactionContext - Rolled back transaction for test context [DefaultTestContext@34780cd9 testClass = FirendCircleTest, testInstance = com.boot.service.impl.FirendCircleTest@623ebac7, testMethod = testGetFriend@FirendCircleTest, testException = java.lang.NullPointerException, mergedContextConfiguration = [MergedContextConfiguration@5460b754 testClass = FirendCircleTest, locations = '{classpath:META-INF/spring/applicationContext.xml, classpath:META-INF/spring/applicationContext-jpa.xml, classpath:META-INF/spring/applicationContext-mybatis.xml, classpath:META-INF/spring/applicationContext-mongo.xml}', classes = '{}', contextInitializerClasses = '[]', activeProfiles = '{}', propertySourceLocations = '{}', propertySourceProperties = '{}', contextLoader = 'org.springframework.test.context.support.DelegatingSmartContextLoader', parent = [null]]].
2015-11-30 17:54:17.771 [Thread-6] INFO  o.s.context.support.GenericApplicationContext - Closing org.springframework.context.support.GenericApplicationContext@15bfd87: startup date [Mon Nov 30 17:54:14 CST 2015]; root of context hierarchy
2015-11-30 17:54:17.782 [Thread-6] INFO  o.s.orm.jpa.LocalContainerEntityManagerFactoryBean - Closing JPA EntityManagerFactory for persistence unit 'myJPA'
2015-11-30 17:55:12.374 [main] INFO  o.s.t.c.support.DefaultTestContextBootstrapper - Loaded default TestExecutionListener class names from location [META-INF/spring.factories]: [org.springframework.test.context.web.ServletTestExecutionListener, org.springframework.test.context.support.DirtiesContextBeforeModesTestExecutionListener, org.springframework.test.context.support.DependencyInjectionTestExecutionListener, org.springframework.test.context.support.DirtiesContextTestExecutionListener, org.springframework.test.context.transaction.TransactionalTestExecutionListener, org.springframework.test.context.jdbc.SqlScriptsTestExecutionListener]
2015-11-30 17:55:12.397 [main] INFO  o.s.t.c.support.DefaultTestContextBootstrapper - Using TestExecutionListeners: [org.springframework.test.context.web.ServletTestExecutionListener@43738a82, org.springframework.test.context.support.DirtiesContextBeforeModesTestExecutionListener@c81cdd1, org.springframework.test.context.support.DependencyInjectionTestExecutionListener@1fc2b765, org.springframework.test.context.support.DirtiesContextTestExecutionListener@75881071, org.springframework.test.context.transaction.TransactionalTestExecutionListener@2a70a3d8, org.springframework.test.context.jdbc.SqlScriptsTestExecutionListener@289d1c02]
2015-11-30 17:55:12.512 [main] INFO  o.s.beans.factory.xml.XmlBeanDefinitionReader - Loading XML bean definitions from class path resource [META-INF/spring/applicationContext.xml]
2015-11-30 17:55:12.739 [main] INFO  o.s.beans.factory.xml.XmlBeanDefinitionReader - Loading XML bean definitions from class path resource [META-INF/spring/applicationContext-jpa.xml]
2015-11-30 17:55:13.002 [main] INFO  o.s.beans.factory.xml.XmlBeanDefinitionReader - Loading XML bean definitions from class path resource [META-INF/spring/applicationContext-mybatis.xml]
2015-11-30 17:55:13.053 [main] INFO  o.s.b.factory.support.DefaultListableBeanFactory - Overriding bean definition for bean 'transactionManager' with a different definition: replacing [Generic bean: class [org.springframework.orm.jpa.JpaTransactionManager]; scope=; abstract=false; lazyInit=false; autowireMode=0; dependencyCheck=0; autowireCandidate=true; primary=false; factoryBeanName=null; factoryMethodName=null; initMethodName=null; destroyMethodName=null; defined in class path resource [META-INF/spring/applicationContext-jpa.xml]] with [Generic bean: class [org.springframework.jdbc.datasource.DataSourceTransactionManager]; scope=; abstract=false; lazyInit=false; autowireMode=0; dependencyCheck=0; autowireCandidate=true; primary=false; factoryBeanName=null; factoryMethodName=null; initMethodName=null; destroyMethodName=null; defined in class path resource [META-INF/spring/applicationContext-mybatis.xml]]
2015-11-30 17:55:13.054 [main] INFO  o.s.beans.factory.xml.XmlBeanDefinitionReader - Loading XML bean definitions from class path resource [META-INF/spring/applicationContext-mongo.xml]
2015-11-30 17:55:13.196 [main] INFO  o.s.context.support.GenericApplicationContext - Refreshing org.springframework.context.support.GenericApplicationContext@15bfd87: startup date [Mon Nov 30 17:55:13 CST 2015]; root of context hierarchy
2015-11-30 17:55:13.401 [main] INFO  o.s.c.support.PropertySourcesPlaceholderConfigurer - Loading properties file from file [/home/jay/git/neptune/target/classes/META-INF/database/mongo.properties]
2015-11-30 17:55:13.401 [main] INFO  o.s.c.support.PropertySourcesPlaceholderConfigurer - Loading properties file from file [/home/jay/git/neptune/target/classes/META-INF/database/jdbc.properties]
2015-11-30 17:55:13.781 [main] INFO  o.s.orm.jpa.LocalContainerEntityManagerFactoryBean - Building JPA container EntityManagerFactory for persistence unit 'myJPA'
2015-11-30 17:55:13.801 [main] INFO  org.hibernate.jpa.internal.util.LogHelper - HHH000204: Processing PersistenceUnitInfo [
	name: myJPA
	...]
2015-11-30 17:55:13.870 [main] INFO  org.hibernate.Version - HHH000412: Hibernate Core {5.0.1.Final}
2015-11-30 17:55:13.872 [main] INFO  org.hibernate.cfg.Environment - HHH000206: hibernate.properties not found
2015-11-30 17:55:13.874 [main] INFO  org.hibernate.cfg.Environment - HHH000021: Bytecode provider name : javassist
2015-11-30 17:55:13.918 [main] INFO  org.hibernate.annotations.common.Version - HCANN000001: Hibernate Commons Annotations {5.0.0.Final}
2015-11-30 17:55:14.530 [main] INFO  org.hibernate.dialect.Dialect - HHH000400: Using dialect: org.hibernate.dialect.MySQLDialect
2015-11-30 17:55:14.605 [main] INFO  o.h.engine.jdbc.env.internal.LobCreatorBuilderImpl - HHH000424: Disabling contextual LOB creation as createClob() method threw error : java.lang.reflect.InvocationTargetException
2015-11-30 17:55:16.274 [main] INFO  o.s.test.context.transaction.TransactionContext - Began transaction (1) for test context [DefaultTestContext@34780cd9 testClass = FirendCircleTest, testInstance = com.boot.service.impl.FirendCircleTest@623ebac7, testMethod = testGetFriend@FirendCircleTest, testException = [null], mergedContextConfiguration = [MergedContextConfiguration@5460b754 testClass = FirendCircleTest, locations = '{classpath:META-INF/spring/applicationContext.xml, classpath:META-INF/spring/applicationContext-jpa.xml, classpath:META-INF/spring/applicationContext-mybatis.xml, classpath:META-INF/spring/applicationContext-mongo.xml}', classes = '{}', contextInitializerClasses = '[]', activeProfiles = '{}', propertySourceLocations = '{}', propertySourceProperties = '{}', contextLoader = 'org.springframework.test.context.support.DelegatingSmartContextLoader', parent = [null]]]; transaction manager [org.springframework.jdbc.datasource.DataSourceTransactionManager@7c8c70d6]; rollback [true]
2015-11-30 17:55:16.337 [main] INFO  o.s.test.context.transaction.TransactionContext - Rolled back transaction for test context [DefaultTestContext@34780cd9 testClass = FirendCircleTest, testInstance = com.boot.service.impl.FirendCircleTest@623ebac7, testMethod = testGetFriend@FirendCircleTest, testException = java.lang.NullPointerException, mergedContextConfiguration = [MergedContextConfiguration@5460b754 testClass = FirendCircleTest, locations = '{classpath:META-INF/spring/applicationContext.xml, classpath:META-INF/spring/applicationContext-jpa.xml, classpath:META-INF/spring/applicationContext-mybatis.xml, classpath:META-INF/spring/applicationContext-mongo.xml}', classes = '{}', contextInitializerClasses = '[]', activeProfiles = '{}', propertySourceLocations = '{}', propertySourceProperties = '{}', contextLoader = 'org.springframework.test.context.support.DelegatingSmartContextLoader', parent = [null]]].
2015-11-30 17:55:16.341 [Thread-6] INFO  o.s.context.support.GenericApplicationContext - Closing org.springframework.context.support.GenericApplicationContext@15bfd87: startup date [Mon Nov 30 17:55:13 CST 2015]; root of context hierarchy
2015-11-30 17:55:16.359 [Thread-6] INFO  o.s.orm.jpa.LocalContainerEntityManagerFactoryBean - Closing JPA EntityManagerFactory for persistence unit 'myJPA'
2015-11-30 17:55:48.787 [main] INFO  o.s.t.c.support.DefaultTestContextBootstrapper - Loaded default TestExecutionListener class names from location [META-INF/spring.factories]: [org.springframework.test.context.web.ServletTestExecutionListener, org.springframework.test.context.support.DirtiesContextBeforeModesTestExecutionListener, org.springframework.test.context.support.DependencyInjectionTestExecutionListener, org.springframework.test.context.support.DirtiesContextTestExecutionListener, org.springframework.test.context.transaction.TransactionalTestExecutionListener, org.springframework.test.context.jdbc.SqlScriptsTestExecutionListener]
2015-11-30 17:55:48.825 [main] INFO  o.s.t.c.support.DefaultTestContextBootstrapper - Using TestExecutionListeners: [org.springframework.test.context.web.ServletTestExecutionListener@43738a82, org.springframework.test.context.support.DirtiesContextBeforeModesTestExecutionListener@c81cdd1, org.springframework.test.context.support.DependencyInjectionTestExecutionListener@1fc2b765, org.springframework.test.context.support.DirtiesContextTestExecutionListener@75881071, org.springframework.test.context.transaction.TransactionalTestExecutionListener@2a70a3d8, org.springframework.test.context.jdbc.SqlScriptsTestExecutionListener@289d1c02]
2015-11-30 17:55:49.028 [main] INFO  o.s.beans.factory.xml.XmlBeanDefinitionReader - Loading XML bean definitions from class path resource [META-INF/spring/applicationContext.xml]
2015-11-30 17:55:49.316 [main] INFO  o.s.beans.factory.xml.XmlBeanDefinitionReader - Loading XML bean definitions from class path resource [META-INF/spring/applicationContext-jpa.xml]
2015-11-30 17:55:49.621 [main] INFO  o.s.beans.factory.xml.XmlBeanDefinitionReader - Loading XML bean definitions from class path resource [META-INF/spring/applicationContext-mybatis.xml]
2015-11-30 17:55:49.668 [main] INFO  o.s.b.factory.support.DefaultListableBeanFactory - Overriding bean definition for bean 'transactionManager' with a different definition: replacing [Generic bean: class [org.springframework.orm.jpa.JpaTransactionManager]; scope=; abstract=false; lazyInit=false; autowireMode=0; dependencyCheck=0; autowireCandidate=true; primary=false; factoryBeanName=null; factoryMethodName=null; initMethodName=null; destroyMethodName=null; defined in class path resource [META-INF/spring/applicationContext-jpa.xml]] with [Generic bean: class [org.springframework.jdbc.datasource.DataSourceTransactionManager]; scope=; abstract=false; lazyInit=false; autowireMode=0; dependencyCheck=0; autowireCandidate=true; primary=false; factoryBeanName=null; factoryMethodName=null; initMethodName=null; destroyMethodName=null; defined in class path resource [META-INF/spring/applicationContext-mybatis.xml]]
2015-11-30 17:55:49.670 [main] INFO  o.s.beans.factory.xml.XmlBeanDefinitionReader - Loading XML bean definitions from class path resource [META-INF/spring/applicationContext-mongo.xml]
2015-11-30 17:55:49.820 [main] INFO  o.s.context.support.GenericApplicationContext - Refreshing org.springframework.context.support.GenericApplicationContext@15bfd87: startup date [Mon Nov 30 17:55:49 CST 2015]; root of context hierarchy
2015-11-30 17:55:49.968 [main] INFO  o.s.c.support.PropertySourcesPlaceholderConfigurer - Loading properties file from file [/home/jay/git/neptune/target/classes/META-INF/database/mongo.properties]
2015-11-30 17:55:49.968 [main] INFO  o.s.c.support.PropertySourcesPlaceholderConfigurer - Loading properties file from file [/home/jay/git/neptune/target/classes/META-INF/database/jdbc.properties]
2015-11-30 17:55:50.361 [main] INFO  o.s.orm.jpa.LocalContainerEntityManagerFactoryBean - Building JPA container EntityManagerFactory for persistence unit 'myJPA'
2015-11-30 17:55:50.386 [main] INFO  org.hibernate.jpa.internal.util.LogHelper - HHH000204: Processing PersistenceUnitInfo [
	name: myJPA
	...]
2015-11-30 17:55:50.473 [main] INFO  org.hibernate.Version - HHH000412: Hibernate Core {5.0.1.Final}
2015-11-30 17:55:50.475 [main] INFO  org.hibernate.cfg.Environment - HHH000206: hibernate.properties not found
2015-11-30 17:55:50.477 [main] INFO  org.hibernate.cfg.Environment - HHH000021: Bytecode provider name : javassist
2015-11-30 17:55:50.525 [main] INFO  org.hibernate.annotations.common.Version - HCANN000001: Hibernate Commons Annotations {5.0.0.Final}
2015-11-30 17:55:51.174 [main] INFO  org.hibernate.dialect.Dialect - HHH000400: Using dialect: org.hibernate.dialect.MySQLDialect
2015-11-30 17:55:51.238 [main] INFO  o.h.engine.jdbc.env.internal.LobCreatorBuilderImpl - HHH000424: Disabling contextual LOB creation as createClob() method threw error : java.lang.reflect.InvocationTargetException
2015-11-30 17:55:52.892 [main] INFO  o.s.test.context.transaction.TransactionContext - Began transaction (1) for test context [DefaultTestContext@34780cd9 testClass = FirendCircleTest, testInstance = com.boot.service.impl.FirendCircleTest@623ebac7, testMethod = testGetFriend@FirendCircleTest, testException = [null], mergedContextConfiguration = [MergedContextConfiguration@5460b754 testClass = FirendCircleTest, locations = '{classpath:META-INF/spring/applicationContext.xml, classpath:META-INF/spring/applicationContext-jpa.xml, classpath:META-INF/spring/applicationContext-mybatis.xml, classpath:META-INF/spring/applicationContext-mongo.xml}', classes = '{}', contextInitializerClasses = '[]', activeProfiles = '{}', propertySourceLocations = '{}', propertySourceProperties = '{}', contextLoader = 'org.springframework.test.context.support.DelegatingSmartContextLoader', parent = [null]]]; transaction manager [org.springframework.jdbc.datasource.DataSourceTransactionManager@7c8c70d6]; rollback [true]
2015-11-30 17:55:52.992 [main] INFO  o.s.test.context.transaction.TransactionContext - Rolled back transaction for test context [DefaultTestContext@34780cd9 testClass = FirendCircleTest, testInstance = com.boot.service.impl.FirendCircleTest@623ebac7, testMethod = testGetFriend@FirendCircleTest, testException = java.lang.NullPointerException, mergedContextConfiguration = [MergedContextConfiguration@5460b754 testClass = FirendCircleTest, locations = '{classpath:META-INF/spring/applicationContext.xml, classpath:META-INF/spring/applicationContext-jpa.xml, classpath:META-INF/spring/applicationContext-mybatis.xml, classpath:META-INF/spring/applicationContext-mongo.xml}', classes = '{}', contextInitializerClasses = '[]', activeProfiles = '{}', propertySourceLocations = '{}', propertySourceProperties = '{}', contextLoader = 'org.springframework.test.context.support.DelegatingSmartContextLoader', parent = [null]]].
2015-11-30 17:55:53.005 [Thread-6] INFO  o.s.context.support.GenericApplicationContext - Closing org.springframework.context.support.GenericApplicationContext@15bfd87: startup date [Mon Nov 30 17:55:49 CST 2015]; root of context hierarchy
2015-11-30 17:55:53.029 [Thread-6] INFO  o.s.orm.jpa.LocalContainerEntityManagerFactoryBean - Closing JPA EntityManagerFactory for persistence unit 'myJPA'
2015-11-30 17:57:31.336 [main] INFO  o.s.t.c.support.DefaultTestContextBootstrapper - Loaded default TestExecutionListener class names from location [META-INF/spring.factories]: [org.springframework.test.context.web.ServletTestExecutionListener, org.springframework.test.context.support.DirtiesContextBeforeModesTestExecutionListener, org.springframework.test.context.support.DependencyInjectionTestExecutionListener, org.springframework.test.context.support.DirtiesContextTestExecutionListener, org.springframework.test.context.transaction.TransactionalTestExecutionListener, org.springframework.test.context.jdbc.SqlScriptsTestExecutionListener]
2015-11-30 17:57:31.361 [main] INFO  o.s.t.c.support.DefaultTestContextBootstrapper - Using TestExecutionListeners: [org.springframework.test.context.web.ServletTestExecutionListener@43738a82, org.springframework.test.context.support.DirtiesContextBeforeModesTestExecutionListener@c81cdd1, org.springframework.test.context.support.DependencyInjectionTestExecutionListener@1fc2b765, org.springframework.test.context.support.DirtiesContextTestExecutionListener@75881071, org.springframework.test.context.transaction.TransactionalTestExecutionListener@2a70a3d8, org.springframework.test.context.jdbc.SqlScriptsTestExecutionListener@289d1c02]
2015-11-30 17:57:31.472 [main] INFO  o.s.beans.factory.xml.XmlBeanDefinitionReader - Loading XML bean definitions from class path resource [META-INF/spring/applicationContext.xml]
2015-11-30 17:57:31.705 [main] INFO  o.s.beans.factory.xml.XmlBeanDefinitionReader - Loading XML bean definitions from class path resource [META-INF/spring/applicationContext-jpa.xml]
2015-11-30 17:57:31.937 [main] INFO  o.s.beans.factory.xml.XmlBeanDefinitionReader - Loading XML bean definitions from class path resource [META-INF/spring/applicationContext-mybatis.xml]
2015-11-30 17:57:31.980 [main] INFO  o.s.b.factory.support.DefaultListableBeanFactory - Overriding bean definition for bean 'transactionManager' with a different definition: replacing [Generic bean: class [org.springframework.orm.jpa.JpaTransactionManager]; scope=; abstract=false; lazyInit=false; autowireMode=0; dependencyCheck=0; autowireCandidate=true; primary=false; factoryBeanName=null; factoryMethodName=null; initMethodName=null; destroyMethodName=null; defined in class path resource [META-INF/spring/applicationContext-jpa.xml]] with [Generic bean: class [org.springframework.jdbc.datasource.DataSourceTransactionManager]; scope=; abstract=false; lazyInit=false; autowireMode=0; dependencyCheck=0; autowireCandidate=true; primary=false; factoryBeanName=null; factoryMethodName=null; initMethodName=null; destroyMethodName=null; defined in class path resource [META-INF/spring/applicationContext-mybatis.xml]]
2015-11-30 17:57:31.981 [main] INFO  o.s.beans.factory.xml.XmlBeanDefinitionReader - Loading XML bean definitions from class path resource [META-INF/spring/applicationContext-mongo.xml]
2015-11-30 17:57:32.107 [main] INFO  o.s.context.support.GenericApplicationContext - Refreshing org.springframework.context.support.GenericApplicationContext@15bfd87: startup date [Mon Nov 30 17:57:32 CST 2015]; root of context hierarchy
2015-11-30 17:57:32.254 [main] INFO  o.s.c.support.PropertySourcesPlaceholderConfigurer - Loading properties file from file [/home/jay/git/neptune/target/classes/META-INF/database/mongo.properties]
2015-11-30 17:57:32.255 [main] INFO  o.s.c.support.PropertySourcesPlaceholderConfigurer - Loading properties file from file [/home/jay/git/neptune/target/classes/META-INF/database/jdbc.properties]
2015-11-30 17:57:32.671 [main] INFO  o.s.orm.jpa.LocalContainerEntityManagerFactoryBean - Building JPA container EntityManagerFactory for persistence unit 'myJPA'
2015-11-30 17:57:32.699 [main] INFO  org.hibernate.jpa.internal.util.LogHelper - HHH000204: Processing PersistenceUnitInfo [
	name: myJPA
	...]
2015-11-30 17:57:32.774 [main] INFO  org.hibernate.Version - HHH000412: Hibernate Core {5.0.1.Final}
2015-11-30 17:57:32.775 [main] INFO  org.hibernate.cfg.Environment - HHH000206: hibernate.properties not found
2015-11-30 17:57:32.777 [main] INFO  org.hibernate.cfg.Environment - HHH000021: Bytecode provider name : javassist
2015-11-30 17:57:32.824 [main] INFO  org.hibernate.annotations.common.Version - HCANN000001: Hibernate Commons Annotations {5.0.0.Final}
2015-11-30 17:57:33.392 [main] INFO  org.hibernate.dialect.Dialect - HHH000400: Using dialect: org.hibernate.dialect.MySQLDialect
2015-11-30 17:57:33.478 [main] INFO  o.h.engine.jdbc.env.internal.LobCreatorBuilderImpl - HHH000424: Disabling contextual LOB creation as createClob() method threw error : java.lang.reflect.InvocationTargetException
2015-11-30 17:57:35.227 [main] INFO  o.s.test.context.transaction.TransactionContext - Began transaction (1) for test context [DefaultTestContext@34780cd9 testClass = FirendCircleTest, testInstance = com.boot.service.impl.FirendCircleTest@623ebac7, testMethod = testAddFriend@FirendCircleTest, testException = [null], mergedContextConfiguration = [MergedContextConfiguration@5460b754 testClass = FirendCircleTest, locations = '{classpath:META-INF/spring/applicationContext.xml, classpath:META-INF/spring/applicationContext-jpa.xml, classpath:META-INF/spring/applicationContext-mybatis.xml, classpath:META-INF/spring/applicationContext-mongo.xml}', classes = '{}', contextInitializerClasses = '[]', activeProfiles = '{}', propertySourceLocations = '{}', propertySourceProperties = '{}', contextLoader = 'org.springframework.test.context.support.DelegatingSmartContextLoader', parent = [null]]]; transaction manager [org.springframework.jdbc.datasource.DataSourceTransactionManager@7c8c70d6]; rollback [true]
2015-11-30 17:57:35.446 [main] INFO  o.s.test.context.transaction.TransactionContext - Rolled back transaction for test context [DefaultTestContext@34780cd9 testClass = FirendCircleTest, testInstance = com.boot.service.impl.FirendCircleTest@623ebac7, testMethod = testAddFriend@FirendCircleTest, testException = [null], mergedContextConfiguration = [MergedContextConfiguration@5460b754 testClass = FirendCircleTest, locations = '{classpath:META-INF/spring/applicationContext.xml, classpath:META-INF/spring/applicationContext-jpa.xml, classpath:META-INF/spring/applicationContext-mybatis.xml, classpath:META-INF/spring/applicationContext-mongo.xml}', classes = '{}', contextInitializerClasses = '[]', activeProfiles = '{}', propertySourceLocations = '{}', propertySourceProperties = '{}', contextLoader = 'org.springframework.test.context.support.DelegatingSmartContextLoader', parent = [null]]].
2015-11-30 17:57:35.449 [Thread-6] INFO  o.s.context.support.GenericApplicationContext - Closing org.springframework.context.support.GenericApplicationContext@15bfd87: startup date [Mon Nov 30 17:57:32 CST 2015]; root of context hierarchy
2015-11-30 17:57:35.475 [Thread-6] INFO  o.s.orm.jpa.LocalContainerEntityManagerFactoryBean - Closing JPA EntityManagerFactory for persistence unit 'myJPA'
2015-11-30 17:57:42.710 [main] INFO  o.s.t.c.support.DefaultTestContextBootstrapper - Loaded default TestExecutionListener class names from location [META-INF/spring.factories]: [org.springframework.test.context.web.ServletTestExecutionListener, org.springframework.test.context.support.DirtiesContextBeforeModesTestExecutionListener, org.springframework.test.context.support.DependencyInjectionTestExecutionListener, org.springframework.test.context.support.DirtiesContextTestExecutionListener, org.springframework.test.context.transaction.TransactionalTestExecutionListener, org.springframework.test.context.jdbc.SqlScriptsTestExecutionListener]
2015-11-30 17:57:42.736 [main] INFO  o.s.t.c.support.DefaultTestContextBootstrapper - Using TestExecutionListeners: [org.springframework.test.context.web.ServletTestExecutionListener@43738a82, org.springframework.test.context.support.DirtiesContextBeforeModesTestExecutionListener@c81cdd1, org.springframework.test.context.support.DependencyInjectionTestExecutionListener@1fc2b765, org.springframework.test.context.support.DirtiesContextTestExecutionListener@75881071, org.springframework.test.context.transaction.TransactionalTestExecutionListener@2a70a3d8, org.springframework.test.context.jdbc.SqlScriptsTestExecutionListener@289d1c02]
2015-11-30 17:57:42.853 [main] INFO  o.s.beans.factory.xml.XmlBeanDefinitionReader - Loading XML bean definitions from class path resource [META-INF/spring/applicationContext.xml]
2015-11-30 17:57:43.067 [main] INFO  o.s.beans.factory.xml.XmlBeanDefinitionReader - Loading XML bean definitions from class path resource [META-INF/spring/applicationContext-jpa.xml]
2015-11-30 17:57:43.294 [main] INFO  o.s.beans.factory.xml.XmlBeanDefinitionReader - Loading XML bean definitions from class path resource [META-INF/spring/applicationContext-mybatis.xml]
2015-11-30 17:57:43.347 [main] INFO  o.s.b.factory.support.DefaultListableBeanFactory - Overriding bean definition for bean 'transactionManager' with a different definition: replacing [Generic bean: class [org.springframework.orm.jpa.JpaTransactionManager]; scope=; abstract=false; lazyInit=false; autowireMode=0; dependencyCheck=0; autowireCandidate=true; primary=false; factoryBeanName=null; factoryMethodName=null; initMethodName=null; destroyMethodName=null; defined in class path resource [META-INF/spring/applicationContext-jpa.xml]] with [Generic bean: class [org.springframework.jdbc.datasource.DataSourceTransactionManager]; scope=; abstract=false; lazyInit=false; autowireMode=0; dependencyCheck=0; autowireCandidate=true; primary=false; factoryBeanName=null; factoryMethodName=null; initMethodName=null; destroyMethodName=null; defined in class path resource [META-INF/spring/applicationContext-mybatis.xml]]
2015-11-30 17:57:43.347 [main] INFO  o.s.beans.factory.xml.XmlBeanDefinitionReader - Loading XML bean definitions from class path resource [META-INF/spring/applicationContext-mongo.xml]
2015-11-30 17:57:43.492 [main] INFO  o.s.context.support.GenericApplicationContext - Refreshing org.springframework.context.support.GenericApplicationContext@15bfd87: startup date [Mon Nov 30 17:57:43 CST 2015]; root of context hierarchy
2015-11-30 17:57:43.652 [main] INFO  o.s.c.support.PropertySourcesPlaceholderConfigurer - Loading properties file from file [/home/jay/git/neptune/target/classes/META-INF/database/mongo.properties]
2015-11-30 17:57:43.652 [main] INFO  o.s.c.support.PropertySourcesPlaceholderConfigurer - Loading properties file from file [/home/jay/git/neptune/target/classes/META-INF/database/jdbc.properties]
2015-11-30 17:57:44.055 [main] INFO  o.s.orm.jpa.LocalContainerEntityManagerFactoryBean - Building JPA container EntityManagerFactory for persistence unit 'myJPA'
2015-11-30 17:57:44.078 [main] INFO  org.hibernate.jpa.internal.util.LogHelper - HHH000204: Processing PersistenceUnitInfo [
	name: myJPA
	...]
2015-11-30 17:57:44.145 [main] INFO  org.hibernate.Version - HHH000412: Hibernate Core {5.0.1.Final}
2015-11-30 17:57:44.146 [main] INFO  org.hibernate.cfg.Environment - HHH000206: hibernate.properties not found
2015-11-30 17:57:44.149 [main] INFO  org.hibernate.cfg.Environment - HHH000021: Bytecode provider name : javassist
2015-11-30 17:57:44.197 [main] INFO  org.hibernate.annotations.common.Version - HCANN000001: Hibernate Commons Annotations {5.0.0.Final}
2015-11-30 17:57:44.761 [main] INFO  org.hibernate.dialect.Dialect - HHH000400: Using dialect: org.hibernate.dialect.MySQLDialect
2015-11-30 17:57:44.841 [main] INFO  o.h.engine.jdbc.env.internal.LobCreatorBuilderImpl - HHH000424: Disabling contextual LOB creation as createClob() method threw error : java.lang.reflect.InvocationTargetException
2015-11-30 17:57:46.498 [main] INFO  o.s.test.context.transaction.TransactionContext - Began transaction (1) for test context [DefaultTestContext@34780cd9 testClass = FirendCircleTest, testInstance = com.boot.service.impl.FirendCircleTest@623ebac7, testMethod = testGetFriend@FirendCircleTest, testException = [null], mergedContextConfiguration = [MergedContextConfiguration@5460b754 testClass = FirendCircleTest, locations = '{classpath:META-INF/spring/applicationContext.xml, classpath:META-INF/spring/applicationContext-jpa.xml, classpath:META-INF/spring/applicationContext-mybatis.xml, classpath:META-INF/spring/applicationContext-mongo.xml}', classes = '{}', contextInitializerClasses = '[]', activeProfiles = '{}', propertySourceLocations = '{}', propertySourceProperties = '{}', contextLoader = 'org.springframework.test.context.support.DelegatingSmartContextLoader', parent = [null]]]; transaction manager [org.springframework.jdbc.datasource.DataSourceTransactionManager@7c8c70d6]; rollback [true]
2015-11-30 17:57:46.575 [main] INFO  com.boot.service.impl.FirendCircleTest - result: Friends [id=565c1d8fe4b0e3e931107b7d, userId=5657b505e4b0e53053f19e1d, groupList=[Group [name=我的好友, userList=[User [id=565c1425e4b080a01469d95b, username=null, picture=null]]]]]
2015-11-30 17:57:46.584 [main] INFO  o.s.test.context.transaction.TransactionContext - Rolled back transaction for test context [DefaultTestContext@34780cd9 testClass = FirendCircleTest, testInstance = com.boot.service.impl.FirendCircleTest@623ebac7, testMethod = testGetFriend@FirendCircleTest, testException = [null], mergedContextConfiguration = [MergedContextConfiguration@5460b754 testClass = FirendCircleTest, locations = '{classpath:META-INF/spring/applicationContext.xml, classpath:META-INF/spring/applicationContext-jpa.xml, classpath:META-INF/spring/applicationContext-mybatis.xml, classpath:META-INF/spring/applicationContext-mongo.xml}', classes = '{}', contextInitializerClasses = '[]', activeProfiles = '{}', propertySourceLocations = '{}', propertySourceProperties = '{}', contextLoader = 'org.springframework.test.context.support.DelegatingSmartContextLoader', parent = [null]]].
2015-11-30 17:57:46.594 [Thread-6] INFO  o.s.context.support.GenericApplicationContext - Closing org.springframework.context.support.GenericApplicationContext@15bfd87: startup date [Mon Nov 30 17:57:43 CST 2015]; root of context hierarchy
2015-11-30 17:57:46.605 [Thread-6] INFO  o.s.orm.jpa.LocalContainerEntityManagerFactoryBean - Closing JPA EntityManagerFactory for persistence unit 'myJPA'
